<?xml version="1.0" encoding="UTF-8"?>
<coverage generated="1783336159701" clover="3.2.0">
  <project timestamp="1783336159701" name="All files">
    <metrics statements="113" coveredstatements="92" conditionals="22" coveredconditionals="16" methods="5" coveredmethods="4" elements="140" coveredelements="112" complexity="0" loc="113" ncloc="113" packages="1" files="1" classes="1"/>
    <file name="index.ts" path="/home/silvius/Projects/rdfc/threshhold_monitor/src/index.ts">
      <metrics statements="113" coveredstatements="92" conditionals="22" coveredconditionals="16" methods="5" coveredmethods="4"/>
      <line num="1" count="1" type="stmt"/>
      <line num="2" count="1" type="stmt"/>
      <line num="3" count="1" type="stmt"/>
      <line num="7" count="1" type="stmt"/>
      <line num="10" count="1" type="stmt"/>
      <line num="11" count="1" type="stmt"/>
      <line num="12" count="1" type="stmt"/>
      <line num="13" count="1" type="stmt"/>
      <line num="14" count="1" type="stmt"/>
      <line num="15" count="1" type="stmt"/>
      <line num="16" count="1" type="stmt"/>
      <line num="17" count="1" type="stmt"/>
      <line num="18" count="1" type="stmt"/>
      <line num="20" count="1" type="stmt"/>
      <line num="37" count="1" type="stmt"/>
      <line num="38" count="1" type="cond" truecount="1" falsecount="0"/>
      <line num="39" count="2" type="cond" truecount="2" falsecount="0"/>
      <line num="40" count="1" type="stmt"/>
      <line num="41" count="1" type="stmt"/>
      <line num="42" count="1" type="stmt"/>
      <line num="43" count="1" type="stmt"/>
      <line num="45" count="1" type="stmt"/>
      <line num="46" count="2" type="cond" truecount="0" falsecount="1"/>
      <line num="47" count="2" type="cond" truecount="1" falsecount="1"/>
      <line num="48" count="2" type="stmt"/>
      <line num="49" count="2" type="cond" truecount="1" falsecount="0"/>
      <line num="50" count="2" type="stmt"/>
      <line num="52" count="2" type="stmt"/>
      <line num="53" count="2" type="cond" truecount="1" falsecount="1"/>
      <line num="54" count="2" type="stmt"/>
      <line num="55" count="2" type="stmt"/>
      <line num="57" count="1" type="cond" truecount="1" falsecount="0"/>
      <line num="58" count="1" type="stmt"/>
      <line num="60" count="1" type="cond" truecount="1" falsecount="0"/>
      <line num="61" count="3" type="stmt"/>
      <line num="62" count="3" type="stmt"/>
      <line num="64" count="3" type="cond" truecount="1" falsecount="0"/>
      <line num="65" count="2" type="stmt"/>
      <line num="66" count="2" type="stmt"/>
      <line num="67" count="3" type="stmt"/>
      <line num="69" count="1" type="stmt"/>
      <line num="70" count="1" type="stmt"/>
      <line num="71" count="1" type="stmt"/>
      <line num="73" count="1" type="stmt"/>
      <line num="75" count="0" type="stmt"/>
      <line num="77" count="1" type="cond" truecount="1" falsecount="0"/>
      <line num="78" count="3" type="stmt"/>
      <line num="79" count="3" type="cond" truecount="1" falsecount="0"/>
      <line num="80" count="3" type="stmt"/>
      <line num="82" count="3" type="cond" truecount="1" falsecount="0"/>
      <line num="84" count="3" type="stmt"/>
      <line num="86" count="3" type="stmt"/>
      <line num="87" count="3" type="cond" truecount="0" falsecount="1"/>
      <line num="88" count="0" type="stmt"/>
      <line num="89" count="0" type="stmt"/>
      <line num="90" count="0" type="stmt"/>
      <line num="91" count="0" type="stmt"/>
      <line num="92" count="0" type="stmt"/>
      <line num="93" count="0" type="stmt"/>
      <line num="94" count="0" type="stmt"/>
      <line num="95" count="0" type="stmt"/>
      <line num="96" count="0" type="stmt"/>
      <line num="97" count="0" type="stmt"/>
      <line num="99" count="3" type="stmt"/>
      <line num="100" count="3" type="stmt"/>
      <line num="102" count="3" type="stmt"/>
      <line num="103" count="3" type="cond" truecount="0" falsecount="1"/>
      <line num="104" count="0" type="stmt"/>
      <line num="105" count="0" type="stmt"/>
      <line num="106" count="0" type="stmt"/>
      <line num="107" count="0" type="stmt"/>
      <line num="108" count="0" type="stmt"/>
      <line num="110" count="3" type="stmt"/>
      <line num="111" count="3" type="cond" truecount="0" falsecount="1"/>
      <line num="112" count="0" type="stmt"/>
      <line num="113" count="0" type="stmt"/>
      <line num="114" count="0" type="stmt"/>
      <line num="115" count="0" type="stmt"/>
      <line num="116" count="0" type="stmt"/>
      <line num="118" count="3" type="cond" truecount="1" falsecount="0"/>
      <line num="119" count="1" type="stmt"/>
      <line num="120" count="3" type="cond" truecount="2" falsecount="0"/>
      <line num="121" count="1" type="stmt"/>
      <line num="122" count="1" type="stmt"/>
      <line num="123" count="3" type="stmt"/>
      <line num="124" count="3" type="stmt"/>
      <line num="126" count="3" type="stmt"/>
      <line num="127" count="3" type="stmt"/>
      <line num="129" count="1" type="cond" truecount="1" falsecount="0"/>
      <line num="130" count="2" type="stmt"/>
      <line num="131" count="2" type="stmt"/>
      <line num="132" count="2" type="stmt"/>
      <line num="133" count="2" type="stmt"/>
      <line num="134" count="2" type="stmt"/>
      <line num="135" count="2" type="stmt"/>
      <line num="137" count="2" type="stmt"/>
      <line num="138" count="2" type="stmt"/>
      <line num="139" count="2" type="stmt"/>
      <line num="140" count="2" type="stmt"/>
      <line num="141" count="2" type="stmt"/>
      <line num="142" count="2" type="stmt"/>
      <line num="143" count="2" type="stmt"/>
      <line num="144" count="2" type="stmt"/>
      <line num="145" count="2" type="stmt"/>
      <line num="146" count="2" type="stmt"/>
      <line num="147" count="2" type="stmt"/>
      <line num="148" count="2" type="stmt"/>
      <line num="149" count="2" type="stmt"/>
      <line num="150" count="2" type="stmt"/>
      <line num="151" count="2" type="stmt"/>
      <line num="152" count="2" type="stmt"/>
      <line num="153" count="2" type="stmt"/>
      <line num="154" count="1" type="stmt"/>
    </file>
  </project>
</coverage>
