{"/home/silvius/Projects/rdfc/threshhold_monitor/src/index.ts": {"path":"/home/silvius/Projects/rdfc/threshhold_monitor/src/index.ts","all":false,"statementMap":{"0":{"start":{"line":1,"column":0},"end":{"line":1,"column":70}},"1":{"start":{"line":2,"column":0},"end":{"line":2,"column":61}},"2":{"start":{"line":3,"column":0},"end":{"line":3,"column":73}},"6":{"start":{"line":7,"column":0},"end":{"line":7,"column":60}},"9":{"start":{"line":10,"column":0},"end":{"line":10,"column":44}},"10":{"start":{"line":11,"column":0},"end":{"line":11,"column":54}},"11":{"start":{"line":12,"column":0},"end":{"line":12,"column":25}},"12":{"start":{"line":13,"column":0},"end":{"line":13,"column":13}},"13":{"start":{"line":14,"column":0},"end":{"line":14,"column":12}},"14":{"start":{"line":15,"column":0},"end":{"line":15,"column":20}},"15":{"start":{"line":16,"column":0},"end":{"line":16,"column":17}},"16":{"start":{"line":17,"column":0},"end":{"line":17,"column":17}},"17":{"start":{"line":18,"column":0},"end":{"line":18,"column":2}},"19":{"start":{"line":20,"column":0},"end":{"line":20,"column":67}},"36":{"start":{"line":37,"column":0},"end":{"line":37,"column":71}},"37":{"start":{"line":38,"column":0},"end":{"line":38,"column":66}},"38":{"start":{"line":39,"column":0},"end":{"line":39,"column":63}},"39":{"start":{"line":40,"column":0},"end":{"line":40,"column":28}},"40":{"start":{"line":41,"column":0},"end":{"line":41,"column":92}},"41":{"start":{"line":42,"column":0},"end":{"line":42,"column":14}},"42":{"start":{"line":43,"column":0},"end":{"line":43,"column":9}},"44":{"start":{"line":45,"column":0},"end":{"line":45,"column":24}},"45":{"start":{"line":46,"column":0},"end":{"line":46,"column":66}},"46":{"start":{"line":47,"column":0},"end":{"line":47,"column":66}},"47":{"start":{"line":48,"column":0},"end":{"line":48,"column":9}},"48":{"start":{"line":49,"column":0},"end":{"line":49,"column":43}},"49":{"start":{"line":50,"column":0},"end":{"line":50,"column":27}},"51":{"start":{"line":52,"column":0},"end":{"line":52,"column":25}},"52":{"start":{"line":53,"column":0},"end":{"line":53,"column":107}},"53":{"start":{"line":54,"column":0},"end":{"line":54,"column":10}},"54":{"start":{"line":55,"column":0},"end":{"line":55,"column":5}},"56":{"start":{"line":57,"column":0},"end":{"line":57,"column":71}},"57":{"start":{"line":58,"column":0},"end":{"line":58,"column":36}},"59":{"start":{"line":60,"column":0},"end":{"line":60,"column":56}},"60":{"start":{"line":61,"column":0},"end":{"line":61,"column":44}},"61":{"start":{"line":62,"column":0},"end":{"line":62,"column":52}},"63":{"start":{"line":64,"column":0},"end":{"line":64,"column":36}},"64":{"start":{"line":65,"column":0},"end":{"line":65,"column":79}},"65":{"start":{"line":66,"column":0},"end":{"line":66,"column":13}},"66":{"start":{"line":67,"column":0},"end":{"line":67,"column":9}},"68":{"start":{"line":69,"column":0},"end":{"line":69,"column":34}},"69":{"start":{"line":70,"column":0},"end":{"line":70,"column":82}},"70":{"start":{"line":71,"column":0},"end":{"line":71,"column":5}},"72":{"start":{"line":73,"column":0},"end":{"line":73,"column":69}},"74":{"start":{"line":75,"column":0},"end":{"line":75,"column":5}},"76":{"start":{"line":77,"column":0},"end":{"line":77,"column":84}},"77":{"start":{"line":78,"column":0},"end":{"line":78,"column":41}},"78":{"start":{"line":79,"column":0},"end":{"line":79,"column":59}},"79":{"start":{"line":80,"column":0},"end":{"line":80,"column":10}},"81":{"start":{"line":82,"column":0},"end":{"line":82,"column":83}},"83":{"start":{"line":84,"column":0},"end":{"line":84,"column":34}},"85":{"start":{"line":86,"column":0},"end":{"line":86,"column":39}},"86":{"start":{"line":87,"column":0},"end":{"line":87,"column":32}},"87":{"start":{"line":88,"column":0},"end":{"line":88,"column":49}},"88":{"start":{"line":89,"column":0},"end":{"line":89,"column":26}},"89":{"start":{"line":90,"column":0},"end":{"line":90,"column":59}},"90":{"start":{"line":91,"column":0},"end":{"line":91,"column":63}},"91":{"start":{"line":92,"column":0},"end":{"line":92,"column":55}},"92":{"start":{"line":93,"column":0},"end":{"line":93,"column":18}},"93":{"start":{"line":94,"column":0},"end":{"line":94,"column":37}},"94":{"start":{"line":95,"column":0},"end":{"line":95,"column":29}},"95":{"start":{"line":96,"column":0},"end":{"line":96,"column":17}},"96":{"start":{"line":97,"column":0},"end":{"line":97,"column":13}},"98":{"start":{"line":99,"column":0},"end":{"line":99,"column":41}},"99":{"start":{"line":100,"column":0},"end":{"line":100,"column":66}},"101":{"start":{"line":102,"column":0},"end":{"line":102,"column":58}},"102":{"start":{"line":103,"column":0},"end":{"line":103,"column":54}},"103":{"start":{"line":104,"column":0},"end":{"line":104,"column":37}},"104":{"start":{"line":105,"column":0},"end":{"line":105,"column":114}},"105":{"start":{"line":106,"column":0},"end":{"line":106,"column":22}},"106":{"start":{"line":107,"column":0},"end":{"line":107,"column":29}},"107":{"start":{"line":108,"column":0},"end":{"line":108,"column":17}},"109":{"start":{"line":110,"column":0},"end":{"line":110,"column":64}},"110":{"start":{"line":111,"column":0},"end":{"line":111,"column":42}},"111":{"start":{"line":112,"column":0},"end":{"line":112,"column":37}},"112":{"start":{"line":113,"column":0},"end":{"line":113,"column":133}},"113":{"start":{"line":114,"column":0},"end":{"line":114,"column":22}},"114":{"start":{"line":115,"column":0},"end":{"line":115,"column":29}},"115":{"start":{"line":116,"column":0},"end":{"line":116,"column":17}},"117":{"start":{"line":118,"column":0},"end":{"line":118,"column":65}},"118":{"start":{"line":119,"column":0},"end":{"line":119,"column":84}},"119":{"start":{"line":120,"column":0},"end":{"line":120,"column":72}},"120":{"start":{"line":121,"column":0},"end":{"line":121,"column":84}},"121":{"start":{"line":122,"column":0},"end":{"line":122,"column":17}},"122":{"start":{"line":123,"column":0},"end":{"line":123,"column":13}},"123":{"start":{"line":124,"column":0},"end":{"line":124,"column":9}},"125":{"start":{"line":126,"column":0},"end":{"line":126,"column":22}},"126":{"start":{"line":127,"column":0},"end":{"line":127,"column":5}},"128":{"start":{"line":129,"column":0},"end":{"line":129,"column":23}},"129":{"start":{"line":130,"column":0},"end":{"line":130,"column":21}},"130":{"start":{"line":131,"column":0},"end":{"line":131,"column":22}},"131":{"start":{"line":132,"column":0},"end":{"line":132,"column":29}},"132":{"start":{"line":133,"column":0},"end":{"line":133,"column":27}},"133":{"start":{"line":134,"column":0},"end":{"line":134,"column":15}},"134":{"start":{"line":135,"column":0},"end":{"line":135,"column":31}},"136":{"start":{"line":137,"column":0},"end":{"line":137,"column":16}},"137":{"start":{"line":138,"column":0},"end":{"line":138,"column":66}},"138":{"start":{"line":139,"column":0},"end":{"line":139,"column":62}},"139":{"start":{"line":140,"column":0},"end":{"line":140,"column":92}},"140":{"start":{"line":141,"column":0},"end":{"line":141,"column":61}},"141":{"start":{"line":142,"column":0},"end":{"line":142,"column":17}},"142":{"start":{"line":143,"column":0},"end":{"line":143,"column":19}},"143":{"start":{"line":144,"column":0},"end":{"line":144,"column":36}},"144":{"start":{"line":145,"column":0},"end":{"line":145,"column":75}},"145":{"start":{"line":146,"column":0},"end":{"line":146,"column":14}},"146":{"start":{"line":147,"column":0},"end":{"line":147,"column":17}},"147":{"start":{"line":148,"column":0},"end":{"line":148,"column":19}},"148":{"start":{"line":149,"column":0},"end":{"line":149,"column":36}},"149":{"start":{"line":150,"column":0},"end":{"line":150,"column":70}},"150":{"start":{"line":151,"column":0},"end":{"line":151,"column":14}},"151":{"start":{"line":152,"column":0},"end":{"line":152,"column":10}},"152":{"start":{"line":153,"column":0},"end":{"line":153,"column":5}},"153":{"start":{"line":154,"column":0},"end":{"line":154,"column":1}}},"s":{"0":1,"1":1,"2":1,"6":1,"9":1,"10":1,"11":1,"12":1,"13":1,"14":1,"15":1,"16":1,"17":1,"19":1,"36":1,"37":1,"38":2,"39":1,"40":1,"41":1,"42":1,"44":1,"45":2,"46":2,"47":2,"48":2,"49":2,"51":2,"52":2,"53":2,"54":2,"56":1,"57":1,"59":1,"60":3,"61":3,"63":3,"64":2,"65":2,"66":3,"68":1,"69":1,"70":1,"72":1,"74":0,"76":1,"77":3,"78":3,"79":3,"81":3,"83":3,"85":3,"86":3,"87":0,"88":0,"89":0,"90":0,"91":0,"92":0,"93":0,"94":0,"95":0,"96":0,"98":3,"99":3,"101":3,"102":3,"103":0,"104":0,"105":0,"106":0,"107":0,"109":3,"110":3,"111":0,"112":0,"113":0,"114":0,"115":0,"117":3,"118":1,"119":3,"120":1,"121":1,"122":3,"123":3,"125":3,"126":3,"128":1,"129":2,"130":2,"131":2,"132":2,"133":2,"134":2,"136":2,"137":2,"138":2,"139":2,"140":2,"141":2,"142":2,"143":2,"144":2,"145":2,"146":2,"147":2,"148":2,"149":2,"150":2,"151":2,"152":2,"153":1},"branchMap":{"0":{"type":"branch","line":38,"loc":{"start":{"line":38,"column":4},"end":{"line":55,"column":5}},"locations":[{"start":{"line":38,"column":4},"end":{"line":55,"column":5}}]},"1":{"type":"branch","line":39,"loc":{"start":{"line":39,"column":25},"end":{"line":39,"column":62}},"locations":[{"start":{"line":39,"column":25},"end":{"line":39,"column":62}}]},"2":{"type":"branch","line":39,"loc":{"start":{"line":39,"column":62},"end":{"line":46,"column":56}},"locations":[{"start":{"line":39,"column":62},"end":{"line":46,"column":56}}]},"3":{"type":"branch","line":46,"loc":{"start":{"line":46,"column":51},"end":{"line":46,"column":66}},"locations":[{"start":{"line":46,"column":51},"end":{"line":46,"column":66}}]},"4":{"type":"branch","line":47,"loc":{"start":{"line":47,"column":25},"end":{"line":47,"column":56}},"locations":[{"start":{"line":47,"column":25},"end":{"line":47,"column":56}}]},"5":{"type":"branch","line":47,"loc":{"start":{"line":47,"column":51},"end":{"line":47,"column":66}},"locations":[{"start":{"line":47,"column":51},"end":{"line":47,"column":66}}]},"6":{"type":"branch","line":53,"loc":{"start":{"line":53,"column":45},"end":{"line":53,"column":74}},"locations":[{"start":{"line":53,"column":45},"end":{"line":53,"column":74}}]},"7":{"type":"branch","line":53,"loc":{"start":{"line":53,"column":68},"end":{"line":53,"column":76}},"locations":[{"start":{"line":53,"column":68},"end":{"line":53,"column":76}}]},"8":{"type":"branch","line":49,"loc":{"start":{"line":49,"column":20},"end":{"line":49,"column":42}},"locations":[{"start":{"line":49,"column":20},"end":{"line":49,"column":42}}]},"9":{"type":"branch","line":57,"loc":{"start":{"line":57,"column":4},"end":{"line":71,"column":5}},"locations":[{"start":{"line":57,"column":4},"end":{"line":71,"column":5}}]},"10":{"type":"branch","line":60,"loc":{"start":{"line":60,"column":55},"end":{"line":67,"column":9}},"locations":[{"start":{"line":60,"column":55},"end":{"line":67,"column":9}}]},"11":{"type":"branch","line":64,"loc":{"start":{"line":64,"column":35},"end":{"line":66,"column":13}},"locations":[{"start":{"line":64,"column":35},"end":{"line":66,"column":13}}]},"12":{"type":"branch","line":77,"loc":{"start":{"line":77,"column":12},"end":{"line":127,"column":5}},"locations":[{"start":{"line":77,"column":12},"end":{"line":127,"column":5}}]},"13":{"type":"branch","line":87,"loc":{"start":{"line":87,"column":31},"end":{"line":97,"column":13}},"locations":[{"start":{"line":87,"column":31},"end":{"line":97,"column":13}}]},"14":{"type":"branch","line":103,"loc":{"start":{"line":103,"column":53},"end":{"line":108,"column":17}},"locations":[{"start":{"line":103,"column":53},"end":{"line":108,"column":17}}]},"15":{"type":"branch","line":111,"loc":{"start":{"line":111,"column":41},"end":{"line":116,"column":17}},"locations":[{"start":{"line":111,"column":41},"end":{"line":116,"column":17}}]},"16":{"type":"branch","line":118,"loc":{"start":{"line":118,"column":64},"end":{"line":120,"column":27}},"locations":[{"start":{"line":118,"column":64},"end":{"line":120,"column":27}}]},"17":{"type":"branch","line":120,"loc":{"start":{"line":120,"column":16},"end":{"line":122,"column":17}},"locations":[{"start":{"line":120,"column":16},"end":{"line":122,"column":17}}]},"18":{"type":"branch","line":120,"loc":{"start":{"line":120,"column":71},"end":{"line":122,"column":17}},"locations":[{"start":{"line":120,"column":71},"end":{"line":122,"column":17}}]},"19":{"type":"branch","line":79,"loc":{"start":{"line":79,"column":12},"end":{"line":79,"column":59}},"locations":[{"start":{"line":79,"column":12},"end":{"line":79,"column":59}}]},"20":{"type":"branch","line":82,"loc":{"start":{"line":82,"column":37},"end":{"line":82,"column":81}},"locations":[{"start":{"line":82,"column":37},"end":{"line":82,"column":81}}]},"21":{"type":"branch","line":129,"loc":{"start":{"line":129,"column":12},"end":{"line":153,"column":5}},"locations":[{"start":{"line":129,"column":12},"end":{"line":153,"column":5}}]}},"b":{"0":[2],"1":[1],"2":[1],"3":[0],"4":[1],"5":[0],"6":[0],"7":[1],"8":[2],"9":[1],"10":[3],"11":[2],"12":[3],"13":[0],"14":[0],"15":[0],"16":[1],"17":[2],"18":[1],"19":[9],"20":[9],"21":[2]},"fnMap":{"0":{"name":"init","decl":{"start":{"line":38,"column":4},"end":{"line":55,"column":5}},"loc":{"start":{"line":38,"column":4},"end":{"line":55,"column":5}},"line":38},"1":{"name":"transform","decl":{"start":{"line":57,"column":4},"end":{"line":71,"column":5}},"loc":{"start":{"line":57,"column":4},"end":{"line":71,"column":5}},"line":57},"2":{"name":"produce","decl":{"start":{"line":73,"column":4},"end":{"line":75,"column":5}},"loc":{"start":{"line":73,"column":4},"end":{"line":75,"column":5}},"line":73},"3":{"name":"checkMessage","decl":{"start":{"line":77,"column":12},"end":{"line":127,"column":5}},"loc":{"start":{"line":77,"column":12},"end":{"line":127,"column":5}},"line":77},"4":{"name":"buildAlert","decl":{"start":{"line":129,"column":12},"end":{"line":153,"column":5}},"loc":{"start":{"line":129,"column":12},"end":{"line":153,"column":5}},"line":129}},"f":{"0":2,"1":1,"2":0,"3":3,"4":2}}
}
